2021-07-16 12:02:57,347 [0] DEBUG seller.ordercompleteService - TaskCoordinatorHandler:init:{"Name":"seller.order.complete.service.task","DefaultAssignCount":2,"HeartbeatInterval":30,"ReassignInterval":60,"ConnectionString":"Data Source=192.168.1.206;Initial Catalog=trackreport;User ID=sa;Password=sa17track.net"}
2021-07-16 12:02:57,357 [0] DEBUG seller.ordercompleteService - TaskCoordinatorHandler:Start...
2021-07-16 12:02:57,389 [0] VERBOSE seller.ordercompleteService - AssignedInfo:{"OrderRoutes0":"192.168.1.203_13348","OrderRoutes1":"192.168.1.55_18688","OrderRoutes2":"192.168.1.55_9152","OrderRoutes3":"192.168.1.203_384"}
2021-07-16 12:02:57,396 [0] DEBUG seller.ordercompleteService - TaskCoordinator_OnTaskAssigned:{"TaskAssign":{"TaskInfo":{"NodeId":"192.168.1.55_18688","TaskId":"OrderRoutes1","TaskExtra":null}},"Keys":[]}
2021-07-16 12:02:57,400 [0] VERBOSE seller.ordercompleteService - AssignedInfo:{"OrderRoutes0":"192.168.1.203_13348","OrderRoutes1":"192.168.1.55_18688","OrderRoutes2":"192.168.1.55_9152","OrderRoutes3":"192.168.1.203_384"}
2021-07-16 12:02:57,411 [0] VERBOSE seller.ordercompleteService - RandomAutoComplateTimeTask.Execute 执行任务
2021-07-16 12:02:57,972 [0] VERBOSE seller.ordercompleteService - HandleOrderAutoCompleteOrArchivedAll:当前用户没有数据处理，userId=6144390871937974274
2021-07-16 12:02:57,972 [0] VERBOSE seller.ordercompleteService - HandleOrderAutoCompleteOrArchivedAll:当前用户没有数据处理，userId=6147225637322227714
2021-07-16 12:02:57,980 [0] VERBOSE seller.ordercompleteService - HandleOrderAutoCompleteOrArchivedAll:当前用户没有数据处理，userId=6159670218680696834
2021-07-16 12:02:57,983 [0] VERBOSE seller.ordercompleteService - HandleOrderAutoCompleteOrArchivedAll:当前用户没有数据处理，userId=6164357945971965954
2021-07-16 12:02:57,985 [0] VERBOSE seller.ordercompleteService - HandleOrderAutoCompleteOrArchivedAll:当前用户没有数据处理，userId=6159522534506365234
2021-07-16 12:02:57,985 [0] VERBOSE seller.ordercompleteService - HandleOrderAutoCompleteOrArchivedAll:当前用户没有数据处理，userId=6164370663311409154
2021-07-16 12:02:57,989 [0] VERBOSE seller.ordercompleteService - HandleOrderAutoCompleteOrArchivedAll:当前用户没有数据处理，userId=6166862212133814274
2021-07-16 12:02:57,989 [0] VERBOSE seller.ordercompleteService - HandleOrderAutoCompleteOrArchivedAll:当前用户没有数据处理，userId=6166211609627983874
2021-07-16 12:02:57,991 [0] VERBOSE seller.ordercompleteService - HandleOrderAutoCompleteOrArchivedAll:当前用户没有数据处理，userId=6167536709316902914
2021-07-16 12:02:57,992 [0] VERBOSE seller.ordercompleteService - HandleOrderAutoCompleteOrArchivedAll:当前用户没有数据处理，userId=6169704025257410614
2021-07-16 12:02:57,994 [0] VERBOSE seller.ordercompleteService - HandleOrderAutoCompleteOrArchivedAll:当前用户没有数据处理，userId=6169798818721431554
2021-07-16 12:02:57,994 [0] VERBOSE seller.ordercompleteService - HandleOrderAutoCompleteOrArchivedAll:当前用户没有数据处理，userId=6171581370511654914
2021-07-16 12:02:57,995 [0] VERBOSE seller.ordercompleteService - HandleOrderAutoCompleteOrArchivedAll:当前用户没有数据处理，userId=6153466126677573634
2021-07-16 12:02:57,996 [0] VERBOSE seller.ordercompleteService - HandleOrderAutoCompleteOrArchivedAll:当前用户没有数据处理，userId=6180426733905510404
2021-07-16 12:02:57,997 [0] VERBOSE seller.ordercompleteService - HandleOrderAutoCompleteOrArchivedAll:当前用户没有数据处理，userId=6179542874754121744
2021-07-16 12:02:58,001 [0] VERBOSE seller.ordercompleteService - HandleOrderAutoCompleteOrArchivedAll:当前用户没有数据处理，userId=6181470032162455554
2021-07-16 12:02:58,001 [0] VERBOSE seller.ordercompleteService - HandleOrderAutoCompleteOrArchivedAll:当前用户没有数据处理，userId=6183820738945093594
2021-07-16 12:02:58,002 [0] VERBOSE seller.ordercompleteService - HandleOrderAutoCompleteOrArchivedAll:当前用户没有数据处理，userId=6187162059634114624
2021-07-16 12:02:58,008 [0] VERBOSE seller.ordercompleteService - HandleOrderAutoCompleteOrArchivedAll:当前用户没有数据处理，userId=6189218076815523854
2021-07-16 12:02:58,013 [0] VERBOSE seller.ordercompleteService - HandleOrderAutoCompleteOrArchivedAll:当前用户没有数据处理，userId=6189618759968489634
2021-07-16 12:02:58,013 [0] VERBOSE seller.ordercompleteService - HandleOrderAutoCompleteOrArchivedAll:当前用户没有数据处理，userId=6190768680624980004
2021-07-16 12:02:58,015 [0] VERBOSE seller.ordercompleteService - HandleOrderAutoCompleteOrArchivedAll:当前用户没有数据处理，userId=6191515547541438564
2021-07-16 12:02:58,016 [0] VERBOSE seller.ordercompleteService - HandleOrderAutoCompleteOrArchivedAll:当前用户没有数据处理，userId=6164350007475699714
2021-07-16 12:02:58,016 [0] VERBOSE seller.ordercompleteService - HandleOrderAutoCompleteOrArchivedAll:当前用户没有数据处理，userId=6191579954283806844
2021-07-16 12:02:58,017 [0] VERBOSE seller.ordercompleteService - HandleOrderAutoCompleteOrArchivedAll:当前用户没有数据处理，userId=6146210170696630384
2021-07-16 12:02:58,017 [0] VERBOSE seller.ordercompleteService - HandleOrderAutoCompleteOrArchivedAll:当前用户没有数据处理，userId=6192716759079059464
2021-07-16 12:02:58,020 [0] VERBOSE seller.ordercompleteService - HandleOrderAutoCompleteOrArchivedAll:当前用户没有数据处理，userId=6194321809392009224
2021-07-16 12:02:58,023 [0] VERBOSE seller.ordercompleteService - HandleOrderAutoCompleteOrArchivedAll:当前用户没有数据处理，userId=6193709297084666114
2021-07-16 12:02:58,023 [0] VERBOSE seller.ordercompleteService - HandleOrderAutoCompleteOrArchivedAll:当前用户没有数据处理，userId=6195064782144667874
2021-07-16 12:02:58,024 [0] VERBOSE seller.ordercompleteService - HandleOrderAutoCompleteOrArchivedAll:当前用户没有数据处理，userId=6197284474854834304
2021-07-16 12:02:58,024 [0] VERBOSE seller.ordercompleteService - HandleOrderAutoCompleteOrArchivedAll:当前用户没有数据处理，userId=6197304864134136944
2021-07-16 12:02:58,026 [0] VERBOSE seller.ordercompleteService - HandleOrderAutoCompleteOrArchivedAll:当前用户没有数据处理，userId=6198642495040258364
2021-07-16 12:02:58,026 [0] VERBOSE seller.ordercompleteService - HandleOrderAutoCompleteOrArchivedAll:当前用户没有数据处理，userId=6202381681987682964
2021-07-16 12:02:58,026 [0] VERBOSE seller.ordercompleteService - HandleOrderAutoCompleteOrArchivedAll:当前用户没有数据处理，userId=6200118758410027234
2021-07-16 12:02:58,027 [0] VERBOSE seller.ordercompleteService - HandleOrderAutoCompleteOrArchivedAll:当前用户没有数据处理，userId=6204671442941116764
2021-07-16 12:02:58,031 [0] VERBOSE seller.ordercompleteService - HandleOrderAutoCompleteOrArchivedAll:当前用户没有数据处理，userId=6212238557554409694
2021-07-16 12:02:58,031 [0] VERBOSE seller.ordercompleteService - HandleOrderAutoCompleteOrArchivedAll:当前用户没有数据处理，userId=6206477228138824354
2021-07-16 12:02:58,031 [0] VERBOSE seller.ordercompleteService - HandleOrderAutoCompleteOrArchivedAll:当前用户没有数据处理，userId=6205764662295003394
2021-07-16 12:02:58,031 [0] VERBOSE seller.ordercompleteService - HandleOrderAutoCompleteOrArchivedAll:当前用户没有数据处理，userId=6212789997389855854
2021-07-16 12:02:58,033 [0] VERBOSE seller.ordercompleteService - HandleOrderAutoCompleteOrArchivedAll:当前用户没有数据处理，userId=6192640606041538634
2021-07-16 12:02:58,037 [0] VERBOSE seller.ordercompleteService - HandleOrderAutoCompleteOrArchivedAll:当前用户没有数据处理，userId=6215723966682890254
2021-07-16 12:02:58,038 [0] VERBOSE seller.ordercompleteService - HandleOrderAutoCompleteOrArchivedAll:当前用户没有数据处理，userId=6213528006066176004
2021-07-16 12:02:58,038 [0] VERBOSE seller.ordercompleteService - HandleOrderAutoCompleteOrArchivedAll:当前用户没有数据处理，userId=6214273691724021764
2021-07-16 12:02:58,038 [0] VERBOSE seller.ordercompleteService - HandleOrderAutoCompleteOrArchivedAll:当前用户没有数据处理，userId=6216910139962949714
2021-07-16 12:02:58,041 [0] VERBOSE seller.ordercompleteService - HandleOrderAutoCompleteOrArchivedAll:当前用户没有数据处理，userId=6217740980687471134
2021-07-16 12:02:58,044 [0] VERBOSE seller.ordercompleteService - HandleOrderAutoCompleteOrArchivedAll:当前用户没有数据处理，userId=6220037671822295634
2021-07-16 12:02:58,044 [0] VERBOSE seller.ordercompleteService - HandleOrderAutoCompleteOrArchivedAll:当前用户没有数据处理，userId=6218356420090527754
2021-07-16 12:02:58,044 [0] VERBOSE seller.ordercompleteService - HandleOrderAutoCompleteOrArchivedAll:当前用户没有数据处理，userId=6219435272124497944
2021-07-16 12:02:58,044 [0] VERBOSE seller.ordercompleteService - HandleOrderAutoCompleteOrArchivedAll:当前用户没有数据处理，userId=6219734907959377924
2021-07-16 12:02:58,044 [0] VERBOSE seller.ordercompleteService - HandleOrderAutoCompleteOrArchivedAll:当前用户没有数据处理，userId=6222602106180993184
2021-07-16 12:02:58,046 [0] VERBOSE seller.ordercompleteService - HandleOrderAutoCompleteOrArchivedAll:当前用户没有数据处理，userId=6228425125310758914
2021-07-16 12:02:58,046 [0] VERBOSE seller.ordercompleteService - HandleOrderAutoCompleteOrArchivedAll:当前用户没有数据处理，userId=6242585807803383814
2021-07-16 12:02:58,049 [0] VERBOSE seller.ordercompleteService - HandleOrderAutoCompleteOrArchivedAll:当前用户没有数据处理，userId=6240361210014072844
2021-07-16 12:02:58,049 [0] VERBOSE seller.ordercompleteService - HandleOrderAutoCompleteOrArchivedAll:当前用户没有数据处理，userId=6244443433210216584
2021-07-16 12:02:58,049 [0] VERBOSE seller.ordercompleteService - HandleOrderAutoCompleteOrArchivedAll:当前用户没有数据处理，userId=6229168642391801894
2021-07-16 12:02:58,051 [0] VERBOSE seller.ordercompleteService - HandleOrderAutoCompleteOrArchivedAll:当前用户没有数据处理，userId=6377046074796015624
2021-07-16 12:02:58,051 [0] VERBOSE seller.ordercompleteService - HandleOrderAutoCompleteOrArchivedAll:当前用户没有数据处理，userId=6376688863410388994
