2021-07-16 11:50:15,357 [0] DEBUG seller.ordercompleteService - TaskCoordinatorHandler:init:{"Name":"seller.order.complete.service.task","DefaultAssignCount":2,"HeartbeatInterval":30,"ReassignInterval":60,"ConnectionString":"Data Source=192.168.1.206;Initial Catalog=trackreport;User ID=sa;Password=sa17track.net"}
2021-07-16 11:50:15,370 [0] DEBUG seller.ordercompleteService - TaskCoordinatorHandler:Start...
2021-07-16 11:50:15,412 [0] VERBOSE seller.ordercompleteService - AssignedInfo:{"OrderRoutes0":"192.168.1.203_13348","OrderRoutes1":"192.168.1.203_13348","OrderRoutes2":"192.168.1.55_19980","OrderRoutes3":"192.168.1.203_384"}
2021-07-16 11:50:15,420 [0] DEBUG seller.ordercompleteService - TaskCoordinator_OnTaskAssigned:{"TaskAssign":{"TaskInfo":{"NodeId":"192.168.1.55_19980","TaskId":"OrderRoutes2","TaskExtra":null}},"Keys":[]}
2021-07-16 11:50:15,426 [0] VERBOSE seller.ordercompleteService - AssignedInfo:{"OrderRoutes0":"192.168.1.203_13348","OrderRoutes1":"192.168.1.203_13348","OrderRoutes2":"192.168.1.55_19980","OrderRoutes3":"192.168.1.203_384"}
2021-07-16 11:50:15,438 [0] VERBOSE seller.ordercompleteService - RandomAutoComplateTimeTask.Execute 执行任务
2021-07-16 11:50:16,522 [0] VERBOSE seller.ordercompleteService - HandleOrderAutoCompleteOrArchivedAll:当前用户没有数据处理，userId=6120101272927600641
2021-07-16 11:50:16,524 [0] VERBOSE seller.ordercompleteService - HandleOrderAutoCompleteOrArchivedAll:当前用户没有数据处理，userId=6144153596478095361
2021-07-16 11:50:16,526 [0] VERBOSE seller.ordercompleteService - HandleOrderAutoCompleteOrArchivedAll:当前用户没有数据处理，userId=6144316167722106881
2021-07-16 11:50:16,529 [0] VERBOSE seller.ordercompleteService - HandleOrderAutoCompleteOrArchivedAll:当前用户没有数据处理，userId=6129093448109916161
2021-07-16 11:50:16,529 [0] VERBOSE seller.ordercompleteService - HandleOrderAutoCompleteOrArchivedAll:当前用户没有数据处理，userId=6144321280704512001
2021-07-16 11:50:16,531 [0] VERBOSE seller.ordercompleteService - HandleOrderAutoCompleteOrArchivedAll:当前用户没有数据处理，userId=6144387529341927461
2021-07-16 11:50:16,531 [0] VERBOSE seller.ordercompleteService - HandleOrderAutoCompleteOrArchivedAll:当前用户没有数据处理，userId=6144422390819717121
2021-07-16 11:50:16,532 [0] VERBOSE seller.ordercompleteService - HandleOrderAutoCompleteOrArchivedAll:当前用户没有数据处理，userId=6144685765176852521
2021-07-16 11:50:16,532 [0] VERBOSE seller.ordercompleteService - HandleOrderAutoCompleteOrArchivedAll:当前用户没有数据处理，userId=6144709701377720321
2021-07-16 11:50:16,535 [0] VERBOSE seller.ordercompleteService - HandleOrderAutoCompleteOrArchivedAll:当前用户没有数据处理，userId=6145187522885713921
2021-07-16 11:50:16,535 [0] VERBOSE seller.ordercompleteService - HandleOrderAutoCompleteOrArchivedAll:当前用户没有数据处理，userId=6145514282949017601
2021-07-16 11:50:16,536 [0] VERBOSE seller.ordercompleteService - HandleOrderAutoCompleteOrArchivedAll:当前用户没有数据处理，userId=6145978709129297921
2021-07-16 11:50:16,537 [0] VERBOSE seller.ordercompleteService - HandleOrderAutoCompleteOrArchivedAll:当前用户没有数据处理，userId=6146140260863836161
2021-07-16 11:50:16,537 [0] VERBOSE seller.ordercompleteService - HandleOrderAutoCompleteOrArchivedAll:当前用户没有数据处理，userId=6120793156591288321
2021-07-16 11:50:16,538 [0] VERBOSE seller.ordercompleteService - HandleOrderAutoCompleteOrArchivedAll:当前用户没有数据处理，userId=6146142574358036481
2021-07-16 11:50:16,539 [0] VERBOSE seller.ordercompleteService - HandleOrderAutoCompleteOrArchivedAll:当前用户没有数据处理，userId=6146475877032263681
2021-07-16 11:50:16,539 [0] VERBOSE seller.ordercompleteService - HandleOrderAutoCompleteOrArchivedAll:当前用户没有数据处理，userId=6146837276782755841
2021-07-16 11:50:16,544 [0] VERBOSE seller.ordercompleteService - HandleOrderAutoCompleteOrArchivedAll:当前用户没有数据处理，userId=6146983532142264321
2021-07-16 11:50:16,544 [0] VERBOSE seller.ordercompleteService - HandleOrderAutoCompleteOrArchivedAll:当前用户没有数据处理，userId=6146867541768929281
2021-07-16 11:50:16,544 [0] VERBOSE seller.ordercompleteService - HandleOrderAutoCompleteOrArchivedAll:当前用户没有数据处理，userId=6146955143415070721
2021-07-16 11:50:16,549 [0] VERBOSE seller.ordercompleteService - HandleOrderAutoCompleteOrArchivedAll:当前用户没有数据处理，userId=6147552406243901441
2021-07-16 11:50:16,549 [0] VERBOSE seller.ordercompleteService - HandleOrderAutoCompleteOrArchivedAll:当前用户没有数据处理，userId=6147058257820385281
2021-07-16 11:50:16,549 [0] VERBOSE seller.ordercompleteService - HandleOrderAutoCompleteOrArchivedAll:当前用户没有数据处理，userId=6147739575570923521
2021-07-16 11:50:16,553 [0] VERBOSE seller.ordercompleteService - HandleOrderAutoCompleteOrArchivedAll:当前用户没有数据处理，userId=6120767025938956291
2021-07-16 11:50:16,553 [0] VERBOSE seller.ordercompleteService - HandleOrderAutoCompleteOrArchivedAll:当前用户没有数据处理，userId=6148321099085250561
2021-07-16 11:50:16,553 [0] VERBOSE seller.ordercompleteService - HandleOrderAutoCompleteOrArchivedAll:当前用户没有数据处理，userId=6148022839024025601
2021-07-16 11:50:16,553 [0] VERBOSE seller.ordercompleteService - HandleOrderAutoCompleteOrArchivedAll:当前用户没有数据处理，userId=6147966488151326721
2021-07-16 11:50:16,558 [0] VERBOSE seller.ordercompleteService - HandleOrderAutoCompleteOrArchivedAll:当前用户没有数据处理，userId=6149077472920207361
2021-07-16 11:50:16,558 [0] VERBOSE seller.ordercompleteService - HandleOrderAutoCompleteOrArchivedAll:当前用户没有数据处理，userId=6149414108220620801
2021-07-16 11:50:16,558 [0] VERBOSE seller.ordercompleteService - HandleOrderAutoCompleteOrArchivedAll:当前用户没有数据处理，userId=6149415917181992961
2021-07-16 11:50:16,558 [0] VERBOSE seller.ordercompleteService - HandleOrderAutoCompleteOrArchivedAll:当前用户没有数据处理，userId=6149422898601000961
2021-07-16 11:50:16,561 [0] VERBOSE seller.ordercompleteService - HandleOrderAutoCompleteOrArchivedAll:当前用户没有数据处理，userId=6149448877113344001
2021-07-16 11:50:16,563 [0] VERBOSE seller.ordercompleteService - HandleOrderAutoCompleteOrArchivedAll:当前用户没有数据处理，userId=6150929397345157121
2021-07-16 11:50:16,563 [0] VERBOSE seller.ordercompleteService - HandleOrderAutoCompleteOrArchivedAll:当前用户没有数据处理，userId=6150572443724677121
2021-07-16 11:50:16,563 [0] VERBOSE seller.ordercompleteService - HandleOrderAutoCompleteOrArchivedAll:当前用户没有数据处理，userId=6150904521578250241
2021-07-16 11:50:16,567 [0] VERBOSE seller.ordercompleteService - HandleOrderAutoCompleteOrArchivedAll:当前用户没有数据处理，userId=6152651575212113921
2021-07-16 11:50:16,568 [0] VERBOSE seller.ordercompleteService - HandleOrderAutoCompleteOrArchivedAll:当前用户没有数据处理，userId=6151284181117960221
2021-07-16 11:50:16,567 [0] VERBOSE seller.ordercompleteService - HandleOrderAutoCompleteOrArchivedAll:当前用户没有数据处理，userId=6151208605703208961
2021-07-16 11:50:16,568 [0] VERBOSE seller.ordercompleteService - HandleOrderAutoCompleteOrArchivedAll:当前用户没有数据处理，userId=6128135624936652801
2021-07-16 11:50:16,568 [0] VERBOSE seller.ordercompleteService - HandleOrderAutoCompleteOrArchivedAll:当前用户没有数据处理，userId=6153131751926661121
2021-07-16 11:50:16,569 [0] VERBOSE seller.ordercompleteService - HandleOrderAutoCompleteOrArchivedAll:当前用户没有数据处理，userId=6153748941851852801
2021-07-16 11:50:16,570 [0] VERBOSE seller.ordercompleteService - HandleOrderAutoCompleteOrArchivedAll:当前用户没有数据处理，userId=6154181393258905601
2021-07-16 11:50:16,571 [0] VERBOSE seller.ordercompleteService - HandleOrderAutoCompleteOrArchivedAll:当前用户没有数据处理，userId=6156288886902620161
2021-07-16 11:50:16,571 [0] VERBOSE seller.ordercompleteService - HandleOrderAutoCompleteOrArchivedAll:当前用户没有数据处理，userId=6155374417921966081
2021-07-16 11:50:16,570 [0] VERBOSE seller.ordercompleteService - HandleOrderAutoCompleteOrArchivedAll:当前用户没有数据处理，userId=6154278036826226691
2021-07-16 11:50:16,570 [0] VERBOSE seller.ordercompleteService - HandleOrderAutoCompleteOrArchivedAll:当前用户没有数据处理，userId=6155581613641302041
2021-07-16 11:50:16,575 [0] VERBOSE seller.ordercompleteService - HandleOrderAutoCompleteOrArchivedAll:当前用户没有数据处理，userId=6157119972763238401
2021-07-16 11:50:16,575 [0] VERBOSE seller.ordercompleteService - HandleOrderAutoCompleteOrArchivedAll:当前用户没有数据处理，userId=6159247122677104641
2021-07-16 11:50:16,575 [0] VERBOSE seller.ordercompleteService - HandleOrderAutoCompleteOrArchivedAll:当前用户没有数据处理，userId=6160100911927787521
2021-07-16 11:50:16,575 [0] VERBOSE seller.ordercompleteService - HandleOrderAutoCompleteOrArchivedAll:当前用户没有数据处理，userId=6159524155198013441
2021-07-16 11:50:16,575 [0] VERBOSE seller.ordercompleteService - HandleOrderAutoCompleteOrArchivedAll:当前用户没有数据处理，userId=6159274499297771521
2021-07-16 11:50:16,577 [0] VERBOSE seller.ordercompleteService - HandleOrderAutoCompleteOrArchivedAll:当前用户没有数据处理，userId=6161102136584437761
2021-07-16 11:50:16,577 [0] VERBOSE seller.ordercompleteService - HandleOrderAutoCompleteOrArchivedAll:当前用户没有数据处理，userId=6161747148817039361
2021-07-16 11:50:16,577 [0] VERBOSE seller.ordercompleteService - HandleOrderAutoCompleteOrArchivedAll:当前用户没有数据处理，userId=6161319914830561281
2021-07-16 11:50:16,577 [0] VERBOSE seller.ordercompleteService - HandleOrderAutoCompleteOrArchivedAll:当前用户没有数据处理，userId=6160623879254704131
2021-07-16 11:50:16,577 [0] VERBOSE seller.ordercompleteService - HandleOrderAutoCompleteOrArchivedAll:当前用户没有数据处理，userId=6161356775342997571
2021-07-16 11:50:16,580 [0] VERBOSE seller.ordercompleteService - HandleOrderAutoCompleteOrArchivedAll:当前用户没有数据处理，userId=6162501608094826571
2021-07-16 11:50:16,580 [0] VERBOSE seller.ordercompleteService - HandleOrderAutoCompleteOrArchivedAll:当前用户没有数据处理，userId=6163984262434652161
2021-07-16 11:50:16,580 [0] VERBOSE seller.ordercompleteService - HandleOrderAutoCompleteOrArchivedAll:当前用户没有数据处理，userId=6166231611768832001
2021-07-16 11:50:16,580 [0] VERBOSE seller.ordercompleteService - HandleOrderAutoCompleteOrArchivedAll:当前用户没有数据处理，userId=6163861749163622401
2021-07-16 11:50:16,582 [0] VERBOSE seller.ordercompleteService - HandleOrderAutoCompleteOrArchivedAll:当前用户没有数据处理，userId=6166528820821360641
2021-07-16 11:50:16,582 [0] VERBOSE seller.ordercompleteService - HandleOrderAutoCompleteOrArchivedAll:当前用户没有数据处理，userId=6166788156441231361
2021-07-16 11:50:16,582 [0] VERBOSE seller.ordercompleteService - HandleOrderAutoCompleteOrArchivedAll:当前用户没有数据处理，userId=6166806164098252801
2021-07-16 11:50:16,584 [0] VERBOSE seller.ordercompleteService - HandleOrderAutoCompleteOrArchivedAll:当前用户没有数据处理，userId=6168982148419420161
2021-07-16 11:50:16,585 [0] VERBOSE seller.ordercompleteService - HandleOrderAutoCompleteOrArchivedAll:当前用户没有数据处理，userId=6169699698518261761
2021-07-16 11:50:16,585 [0] VERBOSE seller.ordercompleteService - HandleOrderAutoCompleteOrArchivedAll:当前用户没有数据处理，userId=6171240831098552321
2021-07-16 11:50:16,585 [0] VERBOSE seller.ordercompleteService - HandleOrderAutoCompleteOrArchivedAll:当前用户没有数据处理，userId=6171517280988692481
2021-07-16 11:50:16,585 [0] VERBOSE seller.ordercompleteService - HandleOrderAutoCompleteOrArchivedAll:当前用户没有数据处理，userId=6169702080086016001
2021-07-16 11:50:16,587 [0] VERBOSE seller.ordercompleteService - HandleOrderAutoCompleteOrArchivedAll:当前用户没有数据处理，userId=6171843026659573761
2021-07-16 11:50:16,587 [0] VERBOSE seller.ordercompleteService - HandleOrderAutoCompleteOrArchivedAll:当前用户没有数据处理，userId=6172234440220344321
2021-07-16 11:50:16,587 [0] VERBOSE seller.ordercompleteService - HandleOrderAutoCompleteOrArchivedAll:当前用户没有数据处理，userId=6173479688930066441
2021-07-16 11:50:16,587 [0] VERBOSE seller.ordercompleteService - HandleOrderAutoCompleteOrArchivedAll:当前用户没有数据处理，userId=6173496174616772921
2021-07-16 11:50:16,588 [0] VERBOSE seller.ordercompleteService - HandleOrderAutoCompleteOrArchivedAll:当前用户没有数据处理，userId=6171891105022607361
2021-07-16 11:50:16,589 [0] VERBOSE seller.ordercompleteService - HandleOrderAutoCompleteOrArchivedAll:当前用户没有数据处理，userId=6174747022449704961
2021-07-16 11:50:16,589 [0] VERBOSE seller.ordercompleteService - HandleOrderAutoCompleteOrArchivedAll:当前用户没有数据处理，userId=6175721118935285791
2021-07-16 11:50:16,589 [0] VERBOSE seller.ordercompleteService - HandleOrderAutoCompleteOrArchivedAll:当前用户没有数据处理，userId=6175287840294043651
2021-07-16 11:50:16,589 [0] VERBOSE seller.ordercompleteService - HandleOrderAutoCompleteOrArchivedAll:当前用户没有数据处理，userId=6174775350925721601
2021-07-16 11:50:16,590 [0] VERBOSE seller.ordercompleteService - HandleOrderAutoCompleteOrArchivedAll:当前用户没有数据处理，userId=6176244482930114561
2021-07-16 11:50:16,591 [0] VERBOSE seller.ordercompleteService - HandleOrderAutoCompleteOrArchivedAll:当前用户没有数据处理，userId=6177026145733836801
2021-07-16 11:50:16,591 [0] VERBOSE seller.ordercompleteService - HandleOrderAutoCompleteOrArchivedAll:当前用户没有数据处理，userId=6178726267643494401
2021-07-16 11:50:16,592 [0] VERBOSE seller.ordercompleteService - HandleOrderAutoCompleteOrArchivedAll:当前用户没有数据处理，userId=6178022582068183041
2021-07-16 11:50:16,592 [0] VERBOSE seller.ordercompleteService - HandleOrderAutoCompleteOrArchivedAll:当前用户没有数据处理，userId=6179918254539276821
2021-07-16 11:50:16,592 [0] VERBOSE seller.ordercompleteService - HandleOrderAutoCompleteOrArchivedAll:当前用户没有数据处理，userId=6180917909427322881
2021-07-16 11:50:16,592 [0] VERBOSE seller.ordercompleteService - HandleOrderAutoCompleteOrArchivedAll:当前用户没有数据处理，userId=6185331782242795521
2021-07-16 11:50:16,593 [0] VERBOSE seller.ordercompleteService - HandleOrderAutoCompleteOrArchivedAll:当前用户没有数据处理，userId=6184545793635254341
2021-07-16 11:50:16,594 [0] VERBOSE seller.ordercompleteService - HandleOrderAutoCompleteOrArchivedAll:当前用户没有数据处理，userId=6185441466916274231
2021-07-16 11:50:16,594 [0] VERBOSE seller.ordercompleteService - HandleOrderAutoCompleteOrArchivedAll:当前用户没有数据处理，userId=6186695010059288601
2021-07-16 11:50:16,594 [0] VERBOSE seller.ordercompleteService - HandleOrderAutoCompleteOrArchivedAll:当前用户没有数据处理，userId=6190896605709991941
2021-07-16 11:50:16,594 [0] VERBOSE seller.ordercompleteService - HandleOrderAutoCompleteOrArchivedAll:当前用户没有数据处理，userId=6191167231867748421
2021-07-16 11:50:16,596 [0] VERBOSE seller.ordercompleteService - HandleOrderAutoCompleteOrArchivedAll:当前用户没有数据处理，userId=6192283822525254361
2021-07-16 11:50:16,596 [0] VERBOSE seller.ordercompleteService - HandleOrderAutoCompleteOrArchivedAll:当前用户没有数据处理，userId=6191453277641769271
2021-07-16 11:50:16,596 [0] VERBOSE seller.ordercompleteService - HandleOrderAutoCompleteOrArchivedAll:当前用户没有数据处理，userId=6194684518960726021
2021-07-16 11:50:16,596 [0] VERBOSE seller.ordercompleteService - HandleOrderAutoCompleteOrArchivedAll:当前用户没有数据处理，userId=6193631455026085911
2021-07-16 11:50:16,598 [0] VERBOSE seller.ordercompleteService - HandleOrderAutoCompleteOrArchivedAll:当前用户没有数据处理，userId=6194775613925228581
2021-07-16 11:50:16,598 [0] VERBOSE seller.ordercompleteService - HandleOrderAutoCompleteOrArchivedAll:当前用户没有数据处理，userId=6196880601510051891
2021-07-16 11:50:16,599 [0] VERBOSE seller.ordercompleteService - HandleOrderAutoCompleteOrArchivedAll:当前用户没有数据处理，userId=6197346967925031151
2021-07-16 11:50:16,599 [0] VERBOSE seller.ordercompleteService - HandleOrderAutoCompleteOrArchivedAll:当前用户没有数据处理，userId=6198011029331640351
2021-07-16 11:50:16,600 [0] VERBOSE seller.ordercompleteService - HandleOrderAutoCompleteOrArchivedAll:当前用户没有数据处理，userId=6199340427796283451
2021-07-16 11:50:16,600 [0] VERBOSE seller.ordercompleteService - HandleOrderAutoCompleteOrArchivedAll:当前用户没有数据处理，userId=6198793392789651601
2021-07-16 11:50:16,601 [0] VERBOSE seller.ordercompleteService - HandleOrderAutoCompleteOrArchivedAll:当前用户没有数据处理，userId=6200117226331439211
2021-07-16 11:50:16,740 [0] VERBOSE seller.ordercompleteService - HandleOrderAutoCompleteOrArchivedAll:当前用户没有数据处理，userId=6200280596900741161
2021-07-16 11:50:16,740 [0] VERBOSE seller.ordercompleteService - HandleOrderAutoCompleteOrArchivedAll:当前用户没有数据处理，userId=6201432977327784981
2021-07-16 11:50:16,740 [0] VERBOSE seller.ordercompleteService - HandleOrderAutoCompleteOrArchivedAll:当前用户没有数据处理，userId=6202383600831431011
2021-07-16 11:50:16,740 [0] VERBOSE seller.ordercompleteService - HandleOrderAutoCompleteOrArchivedAll:当前用户没有数据处理，userId=6202322727186202631
2021-07-16 11:50:16,740 [0] VERBOSE seller.ordercompleteService - HandleOrderAutoCompleteOrArchivedAll:当前用户没有数据处理，userId=6201630774354247701
2021-07-16 11:50:16,742 [0] VERBOSE seller.ordercompleteService - HandleOrderAutoCompleteOrArchivedAll:当前用户没有数据处理，userId=6207715530955292881
2021-07-16 11:50:16,742 [0] VERBOSE seller.ordercompleteService - HandleOrderAutoCompleteOrArchivedAll:当前用户没有数据处理，userId=6204553591211165121
2021-07-16 11:50:16,742 [0] VERBOSE seller.ordercompleteService - HandleOrderAutoCompleteOrArchivedAll:当前用户没有数据处理，userId=6209213457364156421
2021-07-16 11:50:16,742 [0] VERBOSE seller.ordercompleteService - HandleOrderAutoCompleteOrArchivedAll:当前用户没有数据处理，userId=6209262979029139551
2021-07-16 11:50:16,742 [0] VERBOSE seller.ordercompleteService - HandleOrderAutoCompleteOrArchivedAll:当前用户没有数据处理，userId=6210052593557962761
2021-07-16 11:50:16,744 [0] VERBOSE seller.ordercompleteService - HandleOrderAutoCompleteOrArchivedAll:当前用户没有数据处理，userId=6210416777663610931
2021-07-16 11:50:16,744 [0] VERBOSE seller.ordercompleteService - HandleOrderAutoCompleteOrArchivedAll:当前用户没有数据处理，userId=6211567473788191581
2021-07-16 11:50:16,744 [0] VERBOSE seller.ordercompleteService - HandleOrderAutoCompleteOrArchivedAll:当前用户没有数据处理，userId=6210615047132392061
2021-07-16 11:50:16,744 [0] VERBOSE seller.ordercompleteService - HandleOrderAutoCompleteOrArchivedAll:当前用户没有数据处理，userId=6211148088372101121
2021-07-16 11:50:16,746 [0] VERBOSE seller.ordercompleteService - HandleOrderAutoCompleteOrArchivedAll:当前用户没有数据处理，userId=6215044886178299921
2021-07-16 11:50:16,746 [0] VERBOSE seller.ordercompleteService - HandleOrderAutoCompleteOrArchivedAll:当前用户没有数据处理，userId=6216550191986901131
2021-07-16 11:50:16,746 [0] VERBOSE seller.ordercompleteService - HandleOrderAutoCompleteOrArchivedAll:当前用户没有数据处理，userId=6218357067275829891
2021-07-16 11:50:16,746 [0] VERBOSE seller.ordercompleteService - HandleOrderAutoCompleteOrArchivedAll:当前用户没有数据处理，userId=6217274302765727781
2021-07-16 11:50:16,747 [0] VERBOSE seller.ordercompleteService - HandleOrderAutoCompleteOrArchivedAll:当前用户没有数据处理，userId=6218766146351661061
2021-07-16 11:50:16,748 [0] VERBOSE seller.ordercompleteService - HandleOrderAutoCompleteOrArchivedAll:当前用户没有数据处理，userId=6219146436362384401
2021-07-16 11:50:16,748 [0] VERBOSE seller.ordercompleteService - HandleOrderAutoCompleteOrArchivedAll:当前用户没有数据处理，userId=6224421641502589741
2021-07-16 11:50:16,748 [0] VERBOSE seller.ordercompleteService - HandleOrderAutoCompleteOrArchivedAll:当前用户没有数据处理，userId=6228537355960320001
2021-07-16 11:50:16,749 [0] VERBOSE seller.ordercompleteService - HandleOrderAutoCompleteOrArchivedAll:当前用户没有数据处理，userId=6235622118370050061
2021-07-16 11:50:16,749 [0] VERBOSE seller.ordercompleteService - HandleOrderAutoCompleteOrArchivedAll:当前用户没有数据处理，userId=6225580021516599301
2021-07-16 11:50:16,750 [0] VERBOSE seller.ordercompleteService - HandleOrderAutoCompleteOrArchivedAll:当前用户没有数据处理，userId=6235639205230542851
2021-07-16 11:50:16,750 [0] VERBOSE seller.ordercompleteService - HandleOrderAutoCompleteOrArchivedAll:当前用户没有数据处理，userId=6237466859537694721
2021-07-16 11:50:16,750 [0] VERBOSE seller.ordercompleteService - HandleOrderAutoCompleteOrArchivedAll:当前用户没有数据处理，userId=6242240295900282891
2021-07-16 11:50:16,751 [0] VERBOSE seller.ordercompleteService - HandleOrderAutoCompleteOrArchivedAll:当前用户没有数据处理，userId=6239620423919862041
2021-07-16 11:50:16,751 [0] VERBOSE seller.ordercompleteService - HandleOrderAutoCompleteOrArchivedAll:当前用户没有数据处理，userId=6239997411549512691
2021-07-16 11:50:16,751 [0] VERBOSE seller.ordercompleteService - HandleOrderAutoCompleteOrArchivedAll:当前用户没有数据处理，userId=6243012329106309121
2021-07-16 11:50:16,752 [0] VERBOSE seller.ordercompleteService - HandleOrderAutoCompleteOrArchivedAll:当前用户没有数据处理，userId=6244407506995773441
2021-07-16 11:50:16,752 [0] VERBOSE seller.ordercompleteService - HandleOrderAutoCompleteOrArchivedAll:当前用户没有数据处理，userId=6244463395706503191
2021-07-16 11:50:16,753 [0] VERBOSE seller.ordercompleteService - HandleOrderAutoCompleteOrArchivedAll:当前用户没有数据处理，userId=6392576539116175361
2021-07-16 11:50:16,753 [0] VERBOSE seller.ordercompleteService - HandleOrderAutoCompleteOrArchivedAll:当前用户没有数据处理，userId=6377048446217748481
2021-07-16 11:50:16,753 [0] VERBOSE seller.ordercompleteService - HandleOrderAutoCompleteOrArchivedAll:当前用户没有数据处理，userId=6411777922193162241
2021-07-16 11:50:16,754 [0] VERBOSE seller.ordercompleteService - HandleOrderAutoCompleteOrArchivedAll:当前用户没有数据处理，userId=6259982129112023041
2021-07-16 11:50:16,754 [0] VERBOSE seller.ordercompleteService - HandleOrderAutoCompleteOrArchivedAll:当前用户没有数据处理，userId=6392622114612183041
2021-07-16 11:50:16,755 [0] VERBOSE seller.ordercompleteService - HandleOrderAutoCompleteOrArchivedAll:当前用户没有数据处理，userId=6478506277822791681
2021-07-16 11:50:16,756 [0] VERBOSE seller.ordercompleteService - HandleOrderAutoCompleteOrArchivedAll:当前用户没有数据处理，userId=6798200289494302721
2021-07-16 11:50:16,756 [0] VERBOSE seller.ordercompleteService - HandleOrderAutoCompleteOrArchivedAll:当前用户没有数据处理，userId=6790097989634621441
2021-07-16 11:50:16,756 [0] VERBOSE seller.ordercompleteService - HandleOrderAutoCompleteOrArchivedAll:当前用户没有数据处理，userId=6727527338780917761
2021-07-16 11:50:16,756 [0] VERBOSE seller.ordercompleteService - HandleOrderAutoCompleteOrArchivedAll:当前用户没有数据处理，userId=6412493868432097281
2021-07-16 11:50:16,758 [0] VERBOSE seller.ordercompleteService - HandleOrderAutoCompleteOrArchivedAll:当前用户没有数据处理，userId=6815829907499909121
2021-07-16 11:50:16,881 [0] VERBOSE seller.ordercompleteService - 消息发布成功:{"Queue":"seller.track.data.handler.TransferTrackNo.13.0","Body":"{\"uid\":6813698494474485761,\"route\":{\"UserRole\":2,\"NodeId\":1,\"DbNo\":13,\"TableNo\":0,\"IsArchived\":false,\"IsWrite\":false},\"op\":1,\"data\":null}"}
2021-07-16 11:50:16,892 [0] VERBOSE seller.ordercompleteService - 异步处理订单,当前用户ID =6813698494474485761,当前线程ID=19,FUserRole=Seller,FNodeId=1,FDbNo=13,FTableNo0
2021-07-16 11:50:16,935 [0] VERBOSE seller.ordercompleteService - HandleOrderAutoCompleteOrArchived.loop.循环次数:1:"6813698494474485761"
2021-07-16 11:50:16,939 [0] VERBOSE seller.ordercompleteService - HandleOrderAutoCompleteOrArchived.loop.循环次数:1:"6813698494474485761"
2021-07-16 11:50:16,944 [0] VERBOSE seller.ordercompleteService - HandleOrderAutoCompleteOrArchived.loop.循环次数:1:"6813698494474485761"
2021-07-16 11:50:16,947 [0] VERBOSE seller.ordercompleteService - HandleOrderAutoCompleteOrArchived.loop.循环次数:1:"6813698494474485761"
2021-07-16 11:50:16,953 [0] VERBOSE seller.ordercompleteService - HandleOrderAutoCompleteOrArchived.loop.循环次数:1:"6813698494474485761"
2021-07-16 11:50:16,956 [0] VERBOSE seller.ordercompleteService - HandleOrderAutoCompleteOrArchived.loop.循环次数:1:"6813698494474485761"
