2021-07-16 11:50:37,877 [0] DEBUG seller.ordercompleteService - TaskCoordinatorHandler:init:{"Name":"seller.order.complete.service.task","DefaultAssignCount":2,"HeartbeatInterval":30,"ReassignInterval":60,"ConnectionString":"Data Source=192.168.1.206;Initial Catalog=trackreport;User ID=sa;Password=sa17track.net"}
2021-07-16 11:50:37,889 [0] DEBUG seller.ordercompleteService - TaskCoordinatorHandler:Start...
2021-07-16 11:50:38,085 [0] VERBOSE seller.ordercompleteService - AssignedInfo:{"OrderRoutes0":"192.168.1.203_13348","OrderRoutes1":"192.168.1.55_20396","OrderRoutes2":"192.168.1.55_19980","OrderRoutes3":"192.168.1.203_384"}
2021-07-16 11:50:38,093 [0] DEBUG seller.ordercompleteService - TaskCoordinator_OnTaskAssigned:{"TaskAssign":{"TaskInfo":{"NodeId":"192.168.1.55_20396","TaskId":"OrderRoutes1","TaskExtra":null}},"Keys":[]}
2021-07-16 11:50:38,157 [0] VERBOSE seller.ordercompleteService - AssignedInfo:{"OrderRoutes0":"192.168.1.203_13348","OrderRoutes1":"192.168.1.55_20396","OrderRoutes2":"192.168.1.55_19980","OrderRoutes3":"192.168.1.203_384"}
2021-07-16 11:50:38,170 [0] VERBOSE seller.ordercompleteService - RandomAutoComplateTimeTask.Execute 执行任务
2021-07-16 11:50:40,609 [0] VERBOSE seller.ordercompleteService - HandleOrderAutoCompleteOrArchivedAll:当前用户没有数据处理，userId=6144389999413690369
2021-07-16 11:50:40,627 [0] VERBOSE seller.ordercompleteService - HandleOrderAutoCompleteOrArchivedAll:当前用户没有数据处理，userId=6144396584827486209
2021-07-16 11:50:40,633 [0] VERBOSE seller.ordercompleteService - HandleOrderAutoCompleteOrArchivedAll:当前用户没有数据处理，userId=6145072595126714369
2021-07-16 11:50:40,656 [0] VERBOSE seller.ordercompleteService - HandleOrderAutoCompleteOrArchivedAll:当前用户没有数据处理，userId=6145158736903405569
2021-07-16 11:50:40,671 [0] VERBOSE seller.ordercompleteService - HandleOrderAutoCompleteOrArchivedAll:当前用户没有数据处理，userId=6145421196063408129
2021-07-16 11:50:40,693 [0] VERBOSE seller.ordercompleteService - HandleOrderAutoCompleteOrArchivedAll:当前用户没有数据处理，userId=6145886776600035329
2021-07-16 11:50:40,693 [0] VERBOSE seller.ordercompleteService - HandleOrderAutoCompleteOrArchivedAll:当前用户没有数据处理，userId=6144323529468018689
2021-07-16 11:50:40,704 [0] VERBOSE seller.ordercompleteService - HandleOrderAutoCompleteOrArchivedAll:当前用户没有数据处理，userId=6145893518125826049
2021-07-16 11:50:40,704 [0] VERBOSE seller.ordercompleteService - HandleOrderAutoCompleteOrArchivedAll:当前用户没有数据处理，userId=6146210374598524929
2021-07-16 11:50:40,723 [0] VERBOSE seller.ordercompleteService - HandleOrderAutoCompleteOrArchivedAll:当前用户没有数据处理，userId=6146506783713394689
2021-07-16 11:50:40,723 [0] VERBOSE seller.ordercompleteService - HandleOrderAutoCompleteOrArchivedAll:当前用户没有数据处理，userId=6146840569655328769
2021-07-16 11:50:40,776 [0] VERBOSE seller.ordercompleteService - HandleOrderAutoCompleteOrArchivedAll:当前用户没有数据处理，userId=6147308607349457199
2021-07-16 11:50:40,776 [0] VERBOSE seller.ordercompleteService - HandleOrderAutoCompleteOrArchivedAll:当前用户没有数据处理，userId=6126638498415116289
2021-07-16 11:50:40,776 [0] VERBOSE seller.ordercompleteService - HandleOrderAutoCompleteOrArchivedAll:当前用户没有数据处理，userId=6147233115720122369
2021-07-16 11:50:40,814 [0] VERBOSE seller.ordercompleteService - HandleOrderAutoCompleteOrArchivedAll:当前用户没有数据处理，userId=6147425191439106049
2021-07-16 11:50:40,814 [0] VERBOSE seller.ordercompleteService - HandleOrderAutoCompleteOrArchivedAll:当前用户没有数据处理，userId=6148472370777817089
2021-07-16 11:50:40,814 [0] VERBOSE seller.ordercompleteService - HandleOrderAutoCompleteOrArchivedAll:当前用户没有数据处理，userId=6147345155604349229
2021-07-16 11:50:40,836 [0] VERBOSE seller.ordercompleteService - HandleOrderAutoCompleteOrArchivedAll:当前用户没有数据处理，userId=6149048291289202689
2021-07-16 11:50:40,836 [0] VERBOSE seller.ordercompleteService - HandleOrderAutoCompleteOrArchivedAll:当前用户没有数据处理，userId=6148616531669680129
2021-07-16 11:50:40,836 [0] VERBOSE seller.ordercompleteService - HandleOrderAutoCompleteOrArchivedAll:当前用户没有数据处理，userId=6149037354809294849
2021-07-16 11:50:40,860 [0] VERBOSE seller.ordercompleteService - HandleOrderAutoCompleteOrArchivedAll:当前用户没有数据处理，userId=6149183745414135809
2021-07-16 11:50:40,860 [0] VERBOSE seller.ordercompleteService - HandleOrderAutoCompleteOrArchivedAll:当前用户没有数据处理，userId=6149049793646952449
2021-07-16 11:50:40,860 [0] VERBOSE seller.ordercompleteService - HandleOrderAutoCompleteOrArchivedAll:当前用户没有数据处理，userId=6149182615384752129
2021-07-16 11:50:40,903 [0] VERBOSE seller.ordercompleteService - HandleOrderAutoCompleteOrArchivedAll:当前用户没有数据处理，userId=6144316435222233089
2021-07-16 11:50:40,903 [0] VERBOSE seller.ordercompleteService - HandleOrderAutoCompleteOrArchivedAll:当前用户没有数据处理，userId=6144354431589941249
2021-07-16 11:50:40,903 [0] VERBOSE seller.ordercompleteService - HandleOrderAutoCompleteOrArchivedAll:当前用户没有数据处理，userId=6151366735942647809
2021-07-16 11:50:40,903 [0] VERBOSE seller.ordercompleteService - HandleOrderAutoCompleteOrArchivedAll:当前用户没有数据处理，userId=6150867026962546689
2021-07-16 11:50:40,909 [0] VERBOSE seller.ordercompleteService - HandleOrderAutoCompleteOrArchivedAll:当前用户没有数据处理，userId=6152305913652051969
2021-07-16 11:50:40,911 [0] VERBOSE seller.ordercompleteService - HandleOrderAutoCompleteOrArchivedAll:当前用户没有数据处理，userId=6154100485302517819
2021-07-16 11:50:40,911 [0] VERBOSE seller.ordercompleteService - HandleOrderAutoCompleteOrArchivedAll:当前用户没有数据处理，userId=6151890320264265729
2021-07-16 11:50:40,911 [0] VERBOSE seller.ordercompleteService - HandleOrderAutoCompleteOrArchivedAll:当前用户没有数据处理，userId=6153749279732400129
2021-07-16 11:50:40,914 [0] VERBOSE seller.ordercompleteService - HandleOrderAutoCompleteOrArchivedAll:当前用户没有数据处理，userId=6154112253563240449
2021-07-16 11:50:40,915 [0] VERBOSE seller.ordercompleteService - HandleOrderAutoCompleteOrArchivedAll:当前用户没有数据处理，userId=6155332268698370049
2021-07-16 11:50:40,915 [0] VERBOSE seller.ordercompleteService - HandleOrderAutoCompleteOrArchivedAll:当前用户没有数据处理，userId=6154438589938925569
2021-07-16 11:50:40,915 [0] VERBOSE seller.ordercompleteService - HandleOrderAutoCompleteOrArchivedAll:当前用户没有数据处理，userId=6154574995814350849
2021-07-16 11:50:40,920 [0] VERBOSE seller.ordercompleteService - HandleOrderAutoCompleteOrArchivedAll:当前用户没有数据处理，userId=6156098571625299969
2021-07-16 11:50:40,920 [0] VERBOSE seller.ordercompleteService - HandleOrderAutoCompleteOrArchivedAll:当前用户没有数据处理，userId=6157072943257223169
2021-07-16 11:50:40,920 [0] VERBOSE seller.ordercompleteService - HandleOrderAutoCompleteOrArchivedAll:当前用户没有数据处理，userId=6156788678351126529
2021-07-16 11:50:40,920 [0] VERBOSE seller.ordercompleteService - HandleOrderAutoCompleteOrArchivedAll:当前用户没有数据处理，userId=6155982505565749249
2021-07-16 11:50:40,933 [0] VERBOSE seller.ordercompleteService - HandleOrderAutoCompleteOrArchivedAll:当前用户没有数据处理，userId=6158548154569719809
2021-07-16 11:50:40,933 [0] VERBOSE seller.ordercompleteService - HandleOrderAutoCompleteOrArchivedAll:当前用户没有数据处理，userId=6158837850554236929
2021-07-16 11:50:40,933 [0] VERBOSE seller.ordercompleteService - HandleOrderAutoCompleteOrArchivedAll:当前用户没有数据处理，userId=6158836152595120129
2021-07-16 11:50:40,933 [0] VERBOSE seller.ordercompleteService - HandleOrderAutoCompleteOrArchivedAll:当前用户没有数据处理，userId=6157825545888595969
2021-07-16 11:50:40,955 [0] VERBOSE seller.ordercompleteService - HandleOrderAutoCompleteOrArchivedAll:当前用户没有数据处理，userId=6150996349853892609
2021-07-16 11:50:40,972 [0] VERBOSE seller.ordercompleteService - HandleOrderAutoCompleteOrArchivedAll:当前用户没有数据处理，userId=6159349259650203649
2021-07-16 11:50:40,972 [0] VERBOSE seller.ordercompleteService - HandleOrderAutoCompleteOrArchivedAll:当前用户没有数据处理，userId=6159261162971332609
2021-07-16 11:50:40,972 [0] VERBOSE seller.ordercompleteService - HandleOrderAutoCompleteOrArchivedAll:当前用户没有数据处理，userId=6159009421495369729
2021-07-16 11:50:40,972 [0] VERBOSE seller.ordercompleteService - HandleOrderAutoCompleteOrArchivedAll:当前用户没有数据处理，userId=6159553854632624129
2021-07-16 11:50:40,972 [0] VERBOSE seller.ordercompleteService - HandleOrderAutoCompleteOrArchivedAll:当前用户没有数据处理，userId=6159277580357992449
2021-07-16 11:50:41,017 [0] VERBOSE seller.ordercompleteService - HandleOrderAutoCompleteOrArchivedAll:当前用户没有数据处理，userId=6160033091026157569
2021-07-16 11:50:41,017 [0] VERBOSE seller.ordercompleteService - HandleOrderAutoCompleteOrArchivedAll:当前用户没有数据处理，userId=6161340403405815809
2021-07-16 11:50:41,017 [0] VERBOSE seller.ordercompleteService - HandleOrderAutoCompleteOrArchivedAll:当前用户没有数据处理，userId=6160587001633701889
2021-07-16 11:50:41,024 [0] VERBOSE seller.ordercompleteService - HandleOrderAutoCompleteOrArchivedAll:当前用户没有数据处理，userId=6160481467995783169
2021-07-16 11:50:41,024 [0] VERBOSE seller.ordercompleteService - HandleOrderAutoCompleteOrArchivedAll:当前用户没有数据处理，userId=6159615534242725899
2021-07-16 11:50:41,031 [0] VERBOSE seller.ordercompleteService - HandleOrderAutoCompleteOrArchivedAll:当前用户没有数据处理，userId=6164376879664201729
2021-07-16 11:50:41,031 [0] VERBOSE seller.ordercompleteService - HandleOrderAutoCompleteOrArchivedAll:当前用户没有数据处理，userId=6164315830164389889
2021-07-16 11:50:41,031 [0] VERBOSE seller.ordercompleteService - HandleOrderAutoCompleteOrArchivedAll:当前用户没有数据处理，userId=6165770177771470849
2021-07-16 11:50:41,031 [0] VERBOSE seller.ordercompleteService - HandleOrderAutoCompleteOrArchivedAll:当前用户没有数据处理，userId=6166409464338710619
2021-07-16 11:50:41,031 [0] VERBOSE seller.ordercompleteService - HandleOrderAutoCompleteOrArchivedAll:当前用户没有数据处理，userId=6165490167126949889
2021-07-16 11:50:41,048 [0] VERBOSE seller.ordercompleteService - HandleOrderAutoCompleteOrArchivedAll:当前用户没有数据处理，userId=6169444537103286279
2021-07-16 11:50:41,048 [0] VERBOSE seller.ordercompleteService - HandleOrderAutoCompleteOrArchivedAll:当前用户没有数据处理，userId=6167367622930464769
2021-07-16 11:50:41,048 [0] VERBOSE seller.ordercompleteService - HandleOrderAutoCompleteOrArchivedAll:当前用户没有数据处理，userId=6171188672357203969
2021-07-16 11:50:41,048 [0] VERBOSE seller.ordercompleteService - HandleOrderAutoCompleteOrArchivedAll:当前用户没有数据处理，userId=6166515010559541249
2021-07-16 11:50:41,048 [0] VERBOSE seller.ordercompleteService - HandleOrderAutoCompleteOrArchivedAll:当前用户没有数据处理，userId=6171292393833496579
2021-07-16 11:50:41,069 [0] VERBOSE seller.ordercompleteService - HandleOrderAutoCompleteOrArchivedAll:当前用户没有数据处理，userId=6173327470901854209
2021-07-16 11:50:41,069 [0] VERBOSE seller.ordercompleteService - HandleOrderAutoCompleteOrArchivedAll:当前用户没有数据处理，userId=6171713023817023489
2021-07-16 11:50:41,069 [0] VERBOSE seller.ordercompleteService - HandleOrderAutoCompleteOrArchivedAll:当前用户没有数据处理，userId=6172551505577771009
2021-07-16 11:50:41,069 [0] VERBOSE seller.ordercompleteService - HandleOrderAutoCompleteOrArchivedAll:当前用户没有数据处理，userId=6172220653530513409
2021-07-16 11:50:41,069 [0] VERBOSE seller.ordercompleteService - HandleOrderAutoCompleteOrArchivedAll:当前用户没有数据处理，userId=6172643702629203969
2021-07-16 11:50:41,122 [0] VERBOSE seller.ordercompleteService - HandleOrderAutoCompleteOrArchivedAll:当前用户没有数据处理，userId=6177457184990035969
2021-07-16 11:50:41,122 [0] VERBOSE seller.ordercompleteService - HandleOrderAutoCompleteOrArchivedAll:当前用户没有数据处理，userId=6174021289666420299
2021-07-16 11:50:41,122 [0] VERBOSE seller.ordercompleteService - HandleOrderAutoCompleteOrArchivedAll:当前用户没有数据处理，userId=6173606221283852289
2021-07-16 11:50:41,122 [0] VERBOSE seller.ordercompleteService - HandleOrderAutoCompleteOrArchivedAll:当前用户没有数据处理，userId=6174460967871840259
2021-07-16 11:50:41,122 [0] VERBOSE seller.ordercompleteService - HandleOrderAutoCompleteOrArchivedAll:当前用户没有数据处理，userId=6173384015412985869
2021-07-16 11:50:41,160 [0] VERBOSE seller.ordercompleteService - HandleOrderAutoCompleteOrArchivedAll:当前用户没有数据处理，userId=6179169965770539009
2021-07-16 11:50:41,160 [0] VERBOSE seller.ordercompleteService - HandleOrderAutoCompleteOrArchivedAll:当前用户没有数据处理，userId=6184190650846806039
2021-07-16 11:50:41,170 [0] VERBOSE seller.ordercompleteService - HandleOrderAutoCompleteOrArchivedAll:当前用户没有数据处理，userId=6184610491231633449
2021-07-16 11:50:41,170 [0] VERBOSE seller.ordercompleteService - HandleOrderAutoCompleteOrArchivedAll:当前用户没有数据处理，userId=6178867089080844289
2021-07-16 11:50:41,170 [0] VERBOSE seller.ordercompleteService - HandleOrderAutoCompleteOrArchivedAll:当前用户没有数据处理，userId=6185061586571626899
2021-07-16 11:50:41,182 [0] VERBOSE seller.ordercompleteService - HandleOrderAutoCompleteOrArchivedAll:当前用户没有数据处理，userId=6185143044321574959
2021-07-16 11:50:41,182 [0] VERBOSE seller.ordercompleteService - HandleOrderAutoCompleteOrArchivedAll:当前用户没有数据处理，userId=6185818880582352899
2021-07-16 11:50:41,185 [0] VERBOSE seller.ordercompleteService - HandleOrderAutoCompleteOrArchivedAll:当前用户没有数据处理，userId=6190351835128397829
2021-07-16 11:50:41,185 [0] VERBOSE seller.ordercompleteService - HandleOrderAutoCompleteOrArchivedAll:当前用户没有数据处理，userId=6189256151570579489
2021-07-16 11:50:41,185 [0] VERBOSE seller.ordercompleteService - HandleOrderAutoCompleteOrArchivedAll:当前用户没有数据处理，userId=6187244442685276269
2021-07-16 11:50:41,193 [0] VERBOSE seller.ordercompleteService - HandleOrderAutoCompleteOrArchivedAll:当前用户没有数据处理，userId=6191145495705157789
2021-07-16 11:50:41,193 [0] VERBOSE seller.ordercompleteService - HandleOrderAutoCompleteOrArchivedAll:当前用户没有数据处理，userId=6191544796193226819
2021-07-16 11:50:41,194 [0] VERBOSE seller.ordercompleteService - HandleOrderAutoCompleteOrArchivedAll:当前用户没有数据处理，userId=6192953184202522629
2021-07-16 11:50:41,193 [0] VERBOSE seller.ordercompleteService - HandleOrderAutoCompleteOrArchivedAll:当前用户没有数据处理，userId=6191527212538397369
2021-07-16 11:50:41,193 [0] VERBOSE seller.ordercompleteService - HandleOrderAutoCompleteOrArchivedAll:当前用户没有数据处理，userId=6194005839075082279
2021-07-16 11:50:41,207 [0] VERBOSE seller.ordercompleteService - HandleOrderAutoCompleteOrArchivedAll:当前用户没有数据处理，userId=6194199225501483109
2021-07-16 11:50:41,207 [0] VERBOSE seller.ordercompleteService - HandleOrderAutoCompleteOrArchivedAll:当前用户没有数据处理，userId=6198099638931947769
2021-07-16 11:50:41,213 [0] VERBOSE seller.ordercompleteService - HandleOrderAutoCompleteOrArchivedAll:当前用户没有数据处理，userId=6195968463404793909
2021-07-16 11:50:41,213 [0] VERBOSE seller.ordercompleteService - HandleOrderAutoCompleteOrArchivedAll:当前用户没有数据处理，userId=6196943609024257909
2021-07-16 11:50:41,213 [0] VERBOSE seller.ordercompleteService - HandleOrderAutoCompleteOrArchivedAll:当前用户没有数据处理，userId=6198399016829714459
2021-07-16 11:50:41,225 [0] VERBOSE seller.ordercompleteService - HandleOrderAutoCompleteOrArchivedAll:当前用户没有数据处理，userId=6201312363074027549
2021-07-16 11:50:41,225 [0] VERBOSE seller.ordercompleteService - HandleOrderAutoCompleteOrArchivedAll:当前用户没有数据处理，userId=6198785576699953429
2021-07-16 11:50:41,241 [0] VERBOSE seller.ordercompleteService - HandleOrderAutoCompleteOrArchivedAll:当前用户没有数据处理，userId=6208094679632969729
2021-07-16 11:50:41,241 [0] VERBOSE seller.ordercompleteService - HandleOrderAutoCompleteOrArchivedAll:当前用户没有数据处理，userId=6202315215275819019
2021-07-16 11:50:41,241 [0] VERBOSE seller.ordercompleteService - HandleOrderAutoCompleteOrArchivedAll:当前用户没有数据处理，userId=6206265447554592599
2021-07-16 11:50:41,241 [0] VERBOSE seller.ordercompleteService - HandleOrderAutoCompleteOrArchivedAll:当前用户没有数据处理，userId=6205073169779523669
2021-07-16 11:50:42,979 [0] VERBOSE seller.ordercompleteService - HandleOrderAutoCompleteOrArchivedAll:当前用户没有数据处理，userId=6210301435457044509
2021-07-16 11:50:42,981 [0] VERBOSE seller.ordercompleteService - HandleOrderAutoCompleteOrArchivedAll:当前用户没有数据处理，userId=6210352328432943199
2021-07-16 11:50:42,981 [0] VERBOSE seller.ordercompleteService - HandleOrderAutoCompleteOrArchivedAll:当前用户没有数据处理，userId=6210471093015413039
2021-07-16 11:50:42,981 [0] VERBOSE seller.ordercompleteService - HandleOrderAutoCompleteOrArchivedAll:当前用户没有数据处理，userId=6210352191803490759
2021-07-16 11:50:42,981 [0] VERBOSE seller.ordercompleteService - HandleOrderAutoCompleteOrArchivedAll:当前用户没有数据处理，userId=6209887287762016719
2021-07-16 11:50:42,982 [0] VERBOSE seller.ordercompleteService - HandleOrderAutoCompleteOrArchivedAll:当前用户没有数据处理，userId=6211425904087007249
2021-07-16 11:50:43,002 [0] VERBOSE seller.ordercompleteService - HandleOrderAutoCompleteOrArchivedAll:当前用户没有数据处理，userId=6212956802833973309
2021-07-16 11:50:43,014 [0] VERBOSE seller.ordercompleteService - HandleOrderAutoCompleteOrArchivedAll:当前用户没有数据处理，userId=6213887146420601269
2021-07-16 11:50:43,014 [0] VERBOSE seller.ordercompleteService - HandleOrderAutoCompleteOrArchivedAll:当前用户没有数据处理，userId=6212797213333258499
2021-07-16 11:50:43,014 [0] VERBOSE seller.ordercompleteService - HandleOrderAutoCompleteOrArchivedAll:当前用户没有数据处理，userId=6212807129838125499
2021-07-16 11:50:43,014 [0] VERBOSE seller.ordercompleteService - HandleOrderAutoCompleteOrArchivedAll:当前用户没有数据处理，userId=6213977302142026949
2021-07-16 11:50:43,018 [0] VERBOSE seller.ordercompleteService - HandleOrderAutoCompleteOrArchivedAll:当前用户没有数据处理，userId=6214010192821224859
2021-07-16 11:50:43,056 [0] VERBOSE seller.ordercompleteService - HandleOrderAutoCompleteOrArchivedAll:当前用户没有数据处理，userId=6214467052892324229
2021-07-16 11:50:43,062 [0] VERBOSE seller.ordercompleteService - HandleOrderAutoCompleteOrArchivedAll:当前用户没有数据处理，userId=6217239066405240979
2021-07-16 11:50:43,062 [0] VERBOSE seller.ordercompleteService - HandleOrderAutoCompleteOrArchivedAll:当前用户没有数据处理，userId=6217512166657097729
2021-07-16 11:50:43,068 [0] VERBOSE seller.ordercompleteService - HandleOrderAutoCompleteOrArchivedAll:当前用户没有数据处理，userId=6222023707511227269
2021-07-16 11:50:43,068 [0] VERBOSE seller.ordercompleteService - HandleOrderAutoCompleteOrArchivedAll:当前用户没有数据处理，userId=6219465756699263019
2021-07-16 11:50:43,068 [0] VERBOSE seller.ordercompleteService - HandleOrderAutoCompleteOrArchivedAll:当前用户没有数据处理，userId=6222658894343438369
2021-07-16 11:50:43,076 [0] VERBOSE seller.ordercompleteService - HandleOrderAutoCompleteOrArchivedAll:当前用户没有数据处理，userId=6223348020617150469
2021-07-16 11:50:43,085 [0] VERBOSE seller.ordercompleteService - HandleOrderAutoCompleteOrArchivedAll:当前用户没有数据处理，userId=6224075368614330369
2021-07-16 11:50:43,085 [0] VERBOSE seller.ordercompleteService - HandleOrderAutoCompleteOrArchivedAll:当前用户没有数据处理，userId=6224129748801683459
2021-07-16 11:50:43,085 [0] VERBOSE seller.ordercompleteService - HandleOrderAutoCompleteOrArchivedAll:当前用户没有数据处理，userId=6225880987650490369
2021-07-16 11:50:43,085 [0] VERBOSE seller.ordercompleteService - HandleOrderAutoCompleteOrArchivedAll:当前用户没有数据处理，userId=6226954686541594639
2021-07-16 11:50:43,099 [0] VERBOSE seller.ordercompleteService - HandleOrderAutoCompleteOrArchivedAll:当前用户没有数据处理，userId=6227679409500061699
2021-07-16 11:50:43,102 [0] VERBOSE seller.ordercompleteService - HandleOrderAutoCompleteOrArchivedAll:当前用户没有数据处理，userId=6238552490246406149
2021-07-16 11:50:43,102 [0] VERBOSE seller.ordercompleteService - HandleOrderAutoCompleteOrArchivedAll:当前用户没有数据处理，userId=6241246345873853509
2021-07-16 11:50:43,102 [0] VERBOSE seller.ordercompleteService - HandleOrderAutoCompleteOrArchivedAll:当前用户没有数据处理，userId=6241322470172000269
2021-07-16 11:50:43,102 [0] VERBOSE seller.ordercompleteService - HandleOrderAutoCompleteOrArchivedAll:当前用户没有数据处理，userId=6234631098538917889
2021-07-16 11:50:43,140 [0] VERBOSE seller.ordercompleteService - HandleOrderAutoCompleteOrArchivedAll:当前用户没有数据处理，userId=6290418032972136449
2021-07-16 11:50:43,146 [0] VERBOSE seller.ordercompleteService - HandleOrderAutoCompleteOrArchivedAll:当前用户没有数据处理，userId=6409345785338789889
2021-07-16 11:50:43,146 [0] VERBOSE seller.ordercompleteService - HandleOrderAutoCompleteOrArchivedAll:当前用户没有数据处理，userId=6415030238140694529
2021-07-16 11:50:43,146 [0] VERBOSE seller.ordercompleteService - HandleOrderAutoCompleteOrArchivedAll:当前用户没有数据处理，userId=6444811336416493569
2021-07-16 11:50:43,146 [0] VERBOSE seller.ordercompleteService - HandleOrderAutoCompleteOrArchivedAll:当前用户没有数据处理，userId=6444862209171652609
2021-07-16 11:50:43,153 [0] VERBOSE seller.ordercompleteService - HandleOrderAutoCompleteOrArchivedAll:当前用户没有数据处理，userId=6516543472496017409
2021-07-16 11:50:43,157 [0] VERBOSE seller.ordercompleteService - HandleOrderAutoCompleteOrArchivedAll:当前用户没有数据处理，userId=6562248872641691649
2021-07-16 11:50:43,163 [0] VERBOSE seller.ordercompleteService - HandleOrderAutoCompleteOrArchivedAll:当前用户没有数据处理，userId=6636219447948607489
2021-07-16 11:50:43,513 [0] VERBOSE seller.ordercompleteService - 消息发布成功:{"Queue":"seller.track.data.handler.TransferTrackNo.12.0","Body":"{\"uid\":6805021221479251969,\"route\":{\"UserRole\":2,\"NodeId\":1,\"DbNo\":12,\"TableNo\":0,\"IsArchived\":false,\"IsWrite\":false},\"op\":1,\"data\":null}"}
2021-07-16 11:50:43,551 [0] VERBOSE seller.ordercompleteService - 异步处理订单,当前用户ID =6805021221479251969,当前线程ID=21,FUserRole=Seller,FNodeId=1,FDbNo=12,FTableNo0
2021-07-16 11:50:43,645 [0] VERBOSE seller.ordercompleteService - HandleOrderAutoCompleteOrArchived.loop.循环次数:1:"6805021221479251969"
2021-07-16 11:50:43,657 [0] VERBOSE seller.ordercompleteService - HandleOrderAutoCompleteOrArchived.loop.循环次数:1:"6805021221479251969"
2021-07-16 11:50:43,706 [0] VERBOSE seller.ordercompleteService - HandleOrderAutoCompleteOrArchived.loop.循环次数:1:"6805021221479251969"
2021-07-16 11:50:43,762 [0] VERBOSE seller.ordercompleteService - HandleOrderAutoCompleteOrArchived.loop.循环次数:1:"6805021221479251969"
2021-07-16 11:50:43,781 [0] VERBOSE seller.ordercompleteService - HandleOrderAutoCompleteOrArchived.loop.循环次数:1:"6805021221479251969"
2021-07-16 11:50:43,791 [0] VERBOSE seller.ordercompleteService - HandleOrderAutoCompleteOrArchived.loop.循环次数:1:"6805021221479251969"
